<?xml version="1.0" encoding="UTF-8"?>
<coverage generated="1654248461674" clover="3.2.0">
  <project timestamp="1654248461674" name="All files">
    <metrics statements="1" coveredstatements="1" conditionals="0" coveredconditionals="0" methods="1" coveredmethods="1" elements="2" coveredelements="2" complexity="0" loc="1" ncloc="1" packages="1" files="2" classes="2"/>
    <file name="Logger.ts" path="/Users/zc01443/proyectos/mocks-server/main/packages/logger/src/Logger.ts">
      <metrics statements="1" coveredstatements="1" conditionals="0" coveredconditionals="0" methods="1" coveredmethods="1"/>
      <line num="3" count="1" type="stmt"/>
    </file>
    <file name="index.ts" path="/Users/zc01443/proyectos/mocks-server/main/packages/logger/src/index.ts">
      <metrics statements="0" coveredstatements="0" conditionals="0" coveredconditionals="0" methods="0" coveredmethods="0"/>
    </file>
  </project>
</coverage>
