<?xml version="1.0" encoding="UTF-8"?>
<coverage generated="1654259516873" clover="3.2.0">
  <project timestamp="1654259516874" name="All files">
    <metrics statements="37" coveredstatements="37" conditionals="7" coveredconditionals="7" methods="13" coveredmethods="13" elements="57" coveredelements="57" complexity="0" loc="37" ncloc="37" packages="1" files="3" classes="3"/>
    <file name="Logger.ts" path="/Users/zc01443/proyectos/mocks-server/main/packages/logger/src/Logger.ts">
      <metrics statements="37" coveredstatements="37" conditionals="7" coveredconditionals="7" methods="13" coveredmethods="13"/>
      <line num="31" count="2" type="stmt"/>
      <line num="33" count="2" type="stmt"/>
      <line num="34" count="2" type="stmt"/>
      <line num="35" count="2" type="stmt"/>
      <line num="36" count="2" type="stmt"/>
      <line num="37" count="2" type="stmt"/>
      <line num="38" count="2" type="stmt"/>
      <line num="39" count="2" type="stmt"/>
      <line num="41" count="2" type="stmt"/>
      <line num="42" count="2" type="stmt"/>
      <line num="44" count="2" type="stmt"/>
      <line num="45" count="2" type="stmt"/>
      <line num="50" count="120" type="stmt"/>
      <line num="54" count="60" type="stmt"/>
      <line num="58" count="98" type="stmt"/>
      <line num="84" count="98" type="stmt"/>
      <line num="87" count="98" type="cond" truecount="2" falsecount="0"/>
      <line num="88" count="98" type="stmt"/>
      <line num="89" count="98" type="stmt"/>
      <line num="90" count="98" type="stmt"/>
      <line num="92" count="98" type="stmt"/>
      <line num="99" count="98" type="stmt"/>
      <line num="103" count="40" type="cond" truecount="2" falsecount="0"/>
      <line num="104" count="24" type="stmt"/>
      <line num="106" count="16" type="stmt"/>
      <line num="107" count="16" type="stmt"/>
      <line num="112" count="28" type="stmt"/>
      <line num="116" count="10" type="stmt"/>
      <line num="120" count="10" type="stmt"/>
      <line num="124" count="10" type="stmt"/>
      <line num="128" count="14" type="stmt"/>
      <line num="132" count="10" type="stmt"/>
      <line num="136" count="4" type="stmt"/>
      <line num="140" count="24" type="cond" truecount="2" falsecount="0"/>
      <line num="141" count="8" type="stmt"/>
      <line num="143" count="16" type="stmt"/>
      <line num="144" count="16" type="stmt"/>
    </file>
    <file name="index.ts" path="/Users/zc01443/proyectos/mocks-server/main/packages/logger/src/index.ts">
      <metrics statements="0" coveredstatements="0" conditionals="0" coveredconditionals="0" methods="0" coveredmethods="0"/>
    </file>
    <file name="winston-array-transport.d.ts" path="/Users/zc01443/proyectos/mocks-server/main/packages/logger/src/winston-array-transport.d.ts">
      <metrics statements="0" coveredstatements="0" conditionals="0" coveredconditionals="0" methods="0" coveredmethods="0"/>
    </file>
  </project>
</coverage>
