{"/Users/zc01443/proyectos/mocks-server/main/packages/logger/src/Logger.ts": {"path":"/Users/zc01443/proyectos/mocks-server/main/packages/logger/src/Logger.ts","statementMap":{"0":{"start":{"line":3,"column":4},"end":{"line":3,"column":27}}},"fnMap":{"0":{"name":"(anonymous_0)","decl":{"start":{"line":2,"column":2},"end":{"line":2,"column":3}},"loc":{"start":{"line":2,"column":16},"end":{"line":4,"column":3}},"line":2}},"branchMap":{},"s":{"0":1},"f":{"0":1},"b":{},"_coverageSchema":"1a1c01bbd47fc00a2c39e90264f33305004495a9","hash":"c63476e09eec4b441425fc70ac9c217638fc9f3b"}
,"/Users/zc01443/proyectos/mocks-server/main/packages/logger/src/index.ts": {"path":"/Users/zc01443/proyectos/mocks-server/main/packages/logger/src/index.ts","statementMap":{},"fnMap":{},"branchMap":{},"s":{},"f":{},"b":{},"_coverageSchema":"1a1c01bbd47fc00a2c39e90264f33305004495a9","hash":"28ff62db42eb4beb2f830f3527c995363614b520"}
}
