{"/Users/zc01443/proyectos/mocks-server/main/packages/logger/src/Logger.ts": {"path":"/Users/zc01443/proyectos/mocks-server/main/packages/logger/src/Logger.ts","statementMap":{"0":{"start":{"line":31,"column":20},"end":{"line":31,"column":33}},"1":{"start":{"line":33,"column":32},"end":{"line":33,"column":39}},"2":{"start":{"line":34,"column":32},"end":{"line":34,"column":39}},"3":{"start":{"line":35,"column":36},"end":{"line":35,"column":45}},"4":{"start":{"line":36,"column":30},"end":{"line":36,"column":36}},"5":{"start":{"line":37,"column":30},"end":{"line":37,"column":36}},"6":{"start":{"line":38,"column":32},"end":{"line":38,"column":39}},"7":{"start":{"line":39,"column":34},"end":{"line":39,"column":42}},"8":{"start":{"line":41,"column":44},"end":{"line":41,"column":53}},"9":{"start":{"line":42,"column":40},"end":{"line":42,"column":47}},"10":{"start":{"line":44,"column":18},"end":{"line":44,"column":52}},"11":{"start":{"line":45,"column":24},"end":{"line":47,"column":4}},"12":{"start":{"line":50,"column":2},"end":{"line":50,"column":29}},"13":{"start":{"line":54,"column":2},"end":{"line":54,"column":108}},"14":{"start":{"line":58,"column":2},"end":{"line":76,"column":3}},"15":{"start":{"line":84,"column":30},"end":{"line":84,"column":32}},"16":{"start":{"line":87,"column":25},"end":{"line":87,"column":44}},"17":{"start":{"line":88,"column":4},"end":{"line":88,"column":24}},"18":{"start":{"line":89,"column":4},"end":{"line":89,"column":67}},"19":{"start":{"line":90,"column":4},"end":{"line":90,"column":46}},"20":{"start":{"line":92,"column":4},"end":{"line":97,"column":7}},"21":{"start":{"line":99,"column":4},"end":{"line":99,"column":46}},"22":{"start":{"line":103,"column":4},"end":{"line":108,"column":5}},"23":{"start":{"line":104,"column":6},"end":{"line":104,"column":48}},"24":{"start":{"line":106,"column":6},"end":{"line":106,"column":49}},"25":{"start":{"line":107,"column":6},"end":{"line":107,"column":48}},"26":{"start":{"line":112,"column":4},"end":{"line":112,"column":23}},"27":{"start":{"line":116,"column":4},"end":{"line":116,"column":35}},"28":{"start":{"line":120,"column":4},"end":{"line":120,"column":35}},"29":{"start":{"line":124,"column":4},"end":{"line":124,"column":37}},"30":{"start":{"line":128,"column":4},"end":{"line":128,"column":34}},"31":{"start":{"line":132,"column":4},"end":{"line":132,"column":34}},"32":{"start":{"line":136,"column":4},"end":{"line":136,"column":35}},"33":{"start":{"line":140,"column":4},"end":{"line":145,"column":5}},"34":{"start":{"line":141,"column":6},"end":{"line":141,"column":47}},"35":{"start":{"line":143,"column":6},"end":{"line":143,"column":55}},"36":{"start":{"line":144,"column":6},"end":{"line":144,"column":53}}},"fnMap":{"0":{"name":"formatLabelOrLevel","decl":{"start":{"line":49,"column":9},"end":{"line":49,"column":27}},"loc":{"start":{"line":49,"column":62},"end":{"line":51,"column":1}},"line":49},"1":{"name":"logTemplate","decl":{"start":{"line":53,"column":9},"end":{"line":53,"column":20}},"loc":{"start":{"line":53,"column":66},"end":{"line":55,"column":1}},"line":53},"2":{"name":"createTransports","decl":{"start":{"line":57,"column":9},"end":{"line":57,"column":25}},"loc":{"start":{"line":57,"column":81},"end":{"line":77,"column":1}},"line":57},"3":{"name":"(anonymous_3)","decl":{"start":{"line":86,"column":2},"end":{"line":86,"column":3}},"loc":{"start":{"line":86,"column":59},"end":{"line":100,"column":3}},"line":86},"4":{"name":"(anonymous_4)","decl":{"start":{"line":102,"column":2},"end":{"line":102,"column":3}},"loc":{"start":{"line":102,"column":69},"end":{"line":109,"column":3}},"line":102},"5":{"name":"(anonymous_5)","decl":{"start":{"line":111,"column":2},"end":{"line":111,"column":3}},"loc":{"start":{"line":111,"column":24},"end":{"line":113,"column":3}},"line":111},"6":{"name":"(anonymous_6)","decl":{"start":{"line":115,"column":2},"end":{"line":115,"column":3}},"loc":{"start":{"line":115,"column":33},"end":{"line":117,"column":3}},"line":115},"7":{"name":"(anonymous_7)","decl":{"start":{"line":119,"column":2},"end":{"line":119,"column":3}},"loc":{"start":{"line":119,"column":33},"end":{"line":121,"column":3}},"line":119},"8":{"name":"(anonymous_8)","decl":{"start":{"line":123,"column":2},"end":{"line":123,"column":3}},"loc":{"start":{"line":123,"column":35},"end":{"line":125,"column":3}},"line":123},"9":{"name":"(anonymous_9)","decl":{"start":{"line":127,"column":2},"end":{"line":127,"column":3}},"loc":{"start":{"line":127,"column":32},"end":{"line":129,"column":3}},"line":127},"10":{"name":"(anonymous_10)","decl":{"start":{"line":131,"column":2},"end":{"line":131,"column":3}},"loc":{"start":{"line":131,"column":32},"end":{"line":133,"column":3}},"line":131},"11":{"name":"(anonymous_11)","decl":{"start":{"line":135,"column":2},"end":{"line":135,"column":3}},"loc":{"start":{"line":135,"column":33},"end":{"line":137,"column":3}},"line":135},"12":{"name":"(anonymous_12)","decl":{"start":{"line":139,"column":2},"end":{"line":139,"column":3}},"loc":{"start":{"line":139,"column":55},"end":{"line":146,"column":3}},"line":139}},"branchMap":{"0":{"loc":{"start":{"line":86,"column":28},"end":{"line":86,"column":57}},"type":"default-arg","locations":[{"start":{"line":86,"column":55},"end":{"line":86,"column":57}}],"line":86},"1":{"loc":{"start":{"line":87,"column":25},"end":{"line":87,"column":44}},"type":"binary-expr","locations":[{"start":{"line":87,"column":25},"end":{"line":87,"column":30}},{"start":{"line":87,"column":34},"end":{"line":87,"column":44}}],"line":87},"2":{"loc":{"start":{"line":103,"column":4},"end":{"line":108,"column":5}},"type":"if","locations":[{"start":{"line":103,"column":4},"end":{"line":108,"column":5}},{"start":{"line":105,"column":11},"end":{"line":108,"column":5}}],"line":103},"3":{"loc":{"start":{"line":140,"column":4},"end":{"line":145,"column":5}},"type":"if","locations":[{"start":{"line":140,"column":4},"end":{"line":145,"column":5}},{"start":{"line":142,"column":11},"end":{"line":145,"column":5}}],"line":140}},"s":{"0":2,"1":2,"2":2,"3":2,"4":2,"5":2,"6":2,"7":2,"8":2,"9":2,"10":2,"11":2,"12":120,"13":60,"14":98,"15":98,"16":98,"17":98,"18":98,"19":98,"20":98,"21":98,"22":40,"23":24,"24":16,"25":16,"26":28,"27":10,"28":10,"29":10,"30":14,"31":10,"32":4,"33":24,"34":8,"35":16,"36":16},"f":{"0":120,"1":60,"2":98,"3":98,"4":40,"5":28,"6":10,"7":10,"8":10,"9":14,"10":10,"11":4,"12":24},"b":{"0":[80],"1":[98,80],"2":[24,16],"3":[8,16]},"_coverageSchema":"1a1c01bbd47fc00a2c39e90264f33305004495a9","hash":"367470c61c4dc493aff5f30f1884aab9301c40ac"}
,"/Users/zc01443/proyectos/mocks-server/main/packages/logger/src/index.ts": {"path":"/Users/zc01443/proyectos/mocks-server/main/packages/logger/src/index.ts","statementMap":{},"fnMap":{},"branchMap":{},"s":{},"f":{},"b":{},"_coverageSchema":"1a1c01bbd47fc00a2c39e90264f33305004495a9","hash":"28ff62db42eb4beb2f830f3527c995363614b520"}
,"/Users/zc01443/proyectos/mocks-server/main/packages/logger/src/winston-array-transport.d.ts": {"path":"/Users/zc01443/proyectos/mocks-server/main/packages/logger/src/winston-array-transport.d.ts","statementMap":{},"fnMap":{},"branchMap":{},"s":{},"f":{},"b":{}}
}
