TN:
SF:src/Logger.ts
FN:49,formatLabelOrLevel
FN:53,logTemplate
FN:57,createTransports
FN:86,(anonymous_3)
FN:102,(anonymous_4)
FN:111,(anonymous_5)
FN:115,(anonymous_6)
FN:119,(anonymous_7)
FN:123,(anonymous_8)
FN:127,(anonymous_9)
FN:131,(anonymous_10)
FN:135,(anonymous_11)
FN:139,(anonymous_12)
FNF:13
FNH:13
FNDA:120,formatLabelOrLevel
FNDA:60,logTemplate
FNDA:98,createTransports
FNDA:98,(anonymous_3)
FNDA:40,(anonymous_4)
FNDA:28,(anonymous_5)
FNDA:10,(anonymous_6)
FNDA:10,(anonymous_7)
FNDA:10,(anonymous_8)
FNDA:14,(anonymous_9)
FNDA:10,(anonymous_10)
FNDA:4,(anonymous_11)
FNDA:24,(anonymous_12)
DA:31,2
DA:33,2
DA:34,2
DA:35,2
DA:36,2
DA:37,2
DA:38,2
DA:39,2
DA:41,2
DA:42,2
DA:44,2
DA:45,2
DA:50,120
DA:54,60
DA:58,98
DA:84,98
DA:87,98
DA:88,98
DA:89,98
DA:90,98
DA:92,98
DA:99,98
DA:103,40
DA:104,24
DA:106,16
DA:107,16
DA:112,28
DA:116,10
DA:120,10
DA:124,10
DA:128,14
DA:132,10
DA:136,4
DA:140,24
DA:141,8
DA:143,16
DA:144,16
LF:37
LH:37
BRDA:86,0,0,80
BRDA:87,1,0,98
BRDA:87,1,1,80
BRDA:103,2,0,24
BRDA:103,2,1,16
BRDA:140,3,0,8
BRDA:140,3,1,16
BRF:7
BRH:7
end_of_record
TN:
SF:src/index.ts
FNF:0
FNH:0
LF:0
LH:0
BRF:0
BRH:0
end_of_record
TN:
SF:src/winston-array-transport.d.ts
FNF:0
FNH:0
LF:0
LH:0
BRF:0
BRH:0
end_of_record
