<?xml version="1.0" encoding="UTF-8"?>
<coverage generated="1651169464576" clover="3.2.0">
  <project timestamp="1651169464576" name="All files">
    <metrics statements="213" coveredstatements="213" conditionals="99" coveredconditionals="99" methods="52" coveredmethods="52" elements="364" coveredelements="364" complexity="0" loc="213" ncloc="213" packages="2" files="7" classes="7"/>
    <package name="config">
      <metrics statements="3" coveredstatements="3" conditionals="0" coveredconditionals="0" methods="0" coveredmethods="0"/>
      <file name="index.js" path="/Users/zc01443/proyectos/mocks-server/main/packages/config/index.js">
        <metrics statements="3" coveredstatements="3" conditionals="0" coveredconditionals="0" methods="0" coveredmethods="0"/>
        <line num="1" count="1" type="stmt"/>
        <line num="2" count="1" type="stmt"/>
        <line num="4" count="1" type="stmt"/>
      </file>
    </package>
    <package name="config.src">
      <metrics statements="210" coveredstatements="210" conditionals="99" coveredconditionals="99" methods="52" coveredmethods="52"/>
      <file name="CommandLineArguments.js" path="/Users/zc01443/proyectos/mocks-server/main/packages/config/src/CommandLineArguments.js">
        <metrics statements="24" coveredstatements="24" conditionals="16" coveredconditionals="16" methods="5" coveredmethods="5"/>
        <line num="14" count="4" type="stmt"/>
        <line num="15" count="4" type="stmt"/>
        <line num="17" count="4" type="stmt"/>
        <line num="21" count="13" type="stmt"/>
        <line num="22" count="13" type="stmt"/>
        <line num="23" count="13" type="stmt"/>
        <line num="25" count="13" type="stmt"/>
        <line num="36" count="12" type="stmt"/>
        <line num="37" count="12" type="stmt"/>
        <line num="38" count="75" type="cond" truecount="2" falsecount="0"/>
        <line num="46" count="2" type="stmt"/>
        <line num="48" count="75" type="stmt"/>
        <line num="51" count="12" type="stmt"/>
        <line num="55" count="9" type="stmt"/>
        <line num="56" count="9" type="stmt"/>
        <line num="57" count="9" type="cond" truecount="4" falsecount="0"/>
        <line num="58" count="9" type="cond" truecount="2" falsecount="0"/>
        <line num="59" count="9" type="stmt"/>
        <line num="61" count="9" type="stmt"/>
        <line num="66" count="9" type="stmt"/>
        <line num="67" count="9" type="cond" truecount="4" falsecount="0"/>
        <line num="68" count="3" type="stmt"/>
        <line num="73" count="3" type="stmt"/>
        <line num="77" count="4" type="stmt"/>
      </file>
      <file name="Config.js" path="/Users/zc01443/proyectos/mocks-server/main/packages/config/src/Config.js">
        <metrics statements="85" coveredstatements="85" conditionals="43" coveredconditionals="43" methods="18" coveredmethods="18"/>
        <line num="11" count="4" type="stmt"/>
        <line num="13" count="4" type="stmt"/>
        <line num="14" count="4" type="stmt"/>
        <line num="15" count="4" type="stmt"/>
        <line num="17" count="4" type="stmt"/>
        <line num="19" count="4" type="stmt"/>
        <line num="23" count="36" type="stmt"/>
        <line num="24" count="36" type="stmt"/>
        <line num="25" count="36" type="stmt"/>
        <line num="26" count="36" type="stmt"/>
        <line num="27" count="36" type="stmt"/>
        <line num="28" count="36" type="stmt"/>
        <line num="32" count="22" type="stmt"/>
        <line num="33" count="22" type="stmt"/>
        <line num="37" count="12" type="stmt"/>
        <line num="38" count="12" type="stmt"/>
        <line num="42" count="7" type="stmt"/>
        <line num="43" count="7" type="stmt"/>
        <line num="44" count="7" type="stmt"/>
        <line num="48" count="19" type="stmt"/>
        <line num="49" count="19" type="stmt"/>
        <line num="50" count="19" type="stmt"/>
        <line num="51" count="12" type="cond" truecount="2" falsecount="0"/>
        <line num="52" count="8" type="stmt"/>
        <line num="53" count="8" type="stmt"/>
        <line num="54" count="7" type="cond" truecount="2" falsecount="0"/>
        <line num="55" count="4" type="stmt"/>
        <line num="57" count="3" type="cond" truecount="2" falsecount="0"/>
        <line num="58" count="1" type="stmt"/>
        <line num="62" count="2" type="stmt"/>
        <line num="65" count="2" type="stmt"/>
        <line num="67" count="3" type="cond" truecount="2" falsecount="0"/>
        <line num="68" count="2" type="stmt"/>
        <line num="70" count="1" type="stmt"/>
        <line num="71" count="4" type="cond" truecount="2" falsecount="0"/>
        <line num="72" count="3" type="stmt"/>
        <line num="74" count="1" type="stmt"/>
        <line num="76" count="10" type="stmt"/>
        <line num="81" count="21" type="cond" truecount="2" falsecount="0"/>
        <line num="82" count="1" type="stmt"/>
        <line num="84" count="20" type="stmt"/>
        <line num="88" count="19" type="stmt"/>
        <line num="89" count="19" type="stmt"/>
        <line num="90" count="19" type="stmt"/>
        <line num="91" count="19" type="stmt"/>
        <line num="92" count="19" type="stmt"/>
        <line num="97" count="22" type="cond" truecount="2" falsecount="0"/>
        <line num="98" count="1" type="stmt"/>
        <line num="99" count="1" type="stmt"/>
        <line num="101" count="21" type="cond" truecount="2" falsecount="0"/>
        <line num="102" count="21" type="stmt"/>
        <line num="103" count="21" type="cond" truecount="2" falsecount="0"/>
        <line num="104" count="8" type="stmt"/>
        <line num="105" count="8" type="stmt"/>
        <line num="107" count="6" type="stmt"/>
        <line num="108" count="6" type="stmt"/>
        <line num="111" count="2" type="stmt"/>
        <line num="112" count="2" type="stmt"/>
        <line num="115" count="13" type="stmt"/>
        <line num="120" count="77" type="stmt"/>
        <line num="124" count="77" type="cond" truecount="2" falsecount="0"/>
        <line num="125" count="6" type="stmt"/>
        <line num="130" count="55" type="cond" truecount="2" falsecount="0"/>
        <line num="131" count="4" type="stmt"/>
        <line num="132" count="4" type="stmt"/>
        <line num="134" count="55" type="cond" truecount="2" falsecount="0"/>
        <line num="135" count="2" type="stmt"/>
        <line num="137" count="55" type="cond" truecount="2" falsecount="0"/>
        <line num="138" count="2" type="stmt"/>
        <line num="140" count="55" type="cond" truecount="2" falsecount="0"/>
        <line num="141" count="9" type="stmt"/>
        <line num="143" count="55" type="cond" truecount="2" falsecount="0"/>
        <line num="144" count="2" type="cond" truecount="2" falsecount="0"/>
        <line num="145" count="2" type="stmt"/>
        <line num="147" count="55" type="cond" truecount="2" falsecount="0"/>
        <line num="148" count="1" type="cond" truecount="2" falsecount="0"/>
        <line num="149" count="1" type="stmt"/>
        <line num="153" count="55" type="cond" truecount="2" falsecount="0"/>
        <line num="154" count="21" type="stmt"/>
        <line num="156" count="55" type="cond" truecount="2" falsecount="0"/>
        <line num="157" count="1" type="stmt"/>
        <line num="159" count="55" type="cond" truecount="2" falsecount="0"/>
        <line num="163" count="19" type="stmt"/>
        <line num="167" count="14" type="stmt"/>
        <line num="171" count="4" type="stmt"/>
      </file>
      <file name="Options.js" path="/Users/zc01443/proyectos/mocks-server/main/packages/config/src/Options.js">
        <metrics statements="52" coveredstatements="52" conditionals="28" coveredconditionals="28" methods="10" coveredmethods="10"/>
        <line num="12" count="3" type="stmt"/>
        <line num="14" count="3" type="stmt"/>
        <line num="16" count="3" type="stmt"/>
        <line num="26" count="3" type="stmt"/>
        <line num="30" count="30" type="stmt"/>
        <line num="31" count="30" type="stmt"/>
        <line num="32" count="30" type="stmt"/>
        <line num="33" count="30" type="stmt"/>
        <line num="34" count="30" type="stmt"/>
        <line num="35" count="30" type="stmt"/>
        <line num="36" count="30" type="stmt"/>
        <line num="40" count="21" type="cond" truecount="2" falsecount="0"/>
        <line num="41" count="19" type="stmt"/>
        <line num="42" count="19" type="stmt"/>
        <line num="47" count="19" type="cond" truecount="2" falsecount="0"/>
        <line num="48" count="18" type="stmt"/>
        <line num="49" count="18" type="stmt"/>
        <line num="56" count="1" type="stmt"/>
        <line num="59" count="21" type="stmt"/>
        <line num="63" count="9" type="stmt"/>
        <line num="67" count="5" type="stmt"/>
        <line num="68" count="5" type="stmt"/>
        <line num="72" count="13" type="cond" truecount="2" falsecount="0"/>
        <line num="73" count="13" type="cond" truecount="2" falsecount="0"/>
        <line num="74" count="1" type="stmt"/>
        <line num="78" count="12" type="cond" truecount="2" falsecount="0"/>
        <line num="79" count="1" type="stmt"/>
        <line num="81" count="11" type="cond" truecount="2" falsecount="0"/>
        <line num="82" count="1" type="stmt"/>
        <line num="84" count="10" type="cond" truecount="2" falsecount="0"/>
        <line num="85" count="1" type="stmt"/>
        <line num="87" count="9" type="cond" truecount="4" falsecount="0"/>
        <line num="88" count="1" type="stmt"/>
        <line num="92" count="8" type="cond" truecount="2" falsecount="0"/>
        <line num="93" count="7" type="stmt"/>
        <line num="96" count="7" type="stmt"/>
        <line num="99" count="8" type="stmt"/>
        <line num="100" count="8" type="stmt"/>
        <line num="101" count="8" type="stmt"/>
        <line num="105" count="6" type="cond" truecount="4" falsecount="0"/>
        <line num="106" count="4" type="stmt"/>
        <line num="108" count="2" type="stmt"/>
        <line num="112" count="3" type="stmt"/>
        <line num="113" count="3" type="cond" truecount="2" falsecount="0"/>
        <line num="114" count="2" type="stmt"/>
        <line num="116" count="1" type="stmt"/>
        <line num="120" count="19" type="stmt"/>
        <line num="121" count="139" type="cond" truecount="2" falsecount="0"/>
        <line num="122" count="137" type="stmt"/>
        <line num="124" count="139" type="stmt"/>
        <line num="129" count="19" type="stmt"/>
        <line num="133" count="3" type="stmt"/>
      </file>
      <file name="Settings.js" path="/Users/zc01443/proyectos/mocks-server/main/packages/config/src/Settings.js">
        <metrics statements="27" coveredstatements="27" conditionals="4" coveredconditionals="4" methods="9" coveredmethods="9"/>
        <line num="12" count="2" type="stmt"/>
        <line num="16" count="12" type="stmt"/>
        <line num="17" count="12" type="stmt"/>
        <line num="18" count="12" type="stmt"/>
        <line num="19" count="12" type="stmt"/>
        <line num="23" count="12" type="stmt"/>
        <line num="24" count="12" type="stmt"/>
        <line num="25" count="12" type="stmt"/>
        <line num="26" count="12" type="stmt"/>
        <line num="27" count="12" type="stmt"/>
        <line num="28" count="12" type="stmt"/>
        <line num="32" count="15" type="stmt"/>
        <line num="36" count="6" type="stmt"/>
        <line num="37" count="6" type="stmt"/>
        <line num="41" count="8" type="stmt"/>
        <line num="42" count="8" type="cond" truecount="2" falsecount="0"/>
        <line num="43" count="6" type="stmt"/>
        <line num="44" count="6" type="stmt"/>
        <line num="45" count="6" type="stmt"/>
        <line num="46" count="6" type="stmt"/>
        <line num="47" count="6" type="cond" truecount="2" falsecount="0"/>
        <line num="48" count="3" type="stmt"/>
        <line num="54" count="3" type="stmt"/>
        <line num="58" count="1" type="stmt"/>
        <line num="62" count="2" type="stmt"/>
        <line num="66" count="1" type="stmt"/>
        <line num="70" count="2" type="stmt"/>
      </file>
      <file name="helpers.js" path="/Users/zc01443/proyectos/mocks-server/main/packages/config/src/helpers.js">
        <metrics statements="5" coveredstatements="5" conditionals="4" coveredconditionals="4" methods="1" coveredmethods="1"/>
        <line num="12" count="9" type="cond" truecount="2" falsecount="0"/>
        <line num="13" count="2" type="stmt"/>
        <line num="15" count="7" type="cond" truecount="2" falsecount="0"/>
        <line num="16" count="2" type="stmt"/>
        <line num="20" count="4" type="stmt"/>
      </file>
      <file name="scaffold.js" path="/Users/zc01443/proyectos/mocks-server/main/packages/config/src/scaffold.js">
        <metrics statements="17" coveredstatements="17" conditionals="4" coveredconditionals="4" methods="9" coveredmethods="9"/>
        <line num="11" count="4" type="stmt"/>
        <line num="12" count="4" type="stmt"/>
        <line num="14" count="4" type="stmt"/>
        <line num="17" count="8" type="stmt"/>
        <line num="21" count="8" type="stmt"/>
        <line num="22" count="8" type="stmt"/>
        <line num="23" count="8" type="cond" truecount="2" falsecount="0"/>
        <line num="24" count="1" type="stmt"/>
        <line num="26" count="7" type="stmt"/>
        <line num="33" count="7" type="stmt"/>
        <line num="34" count="7" type="stmt"/>
        <line num="35" count="7" type="cond" truecount="2" falsecount="0"/>
        <line num="36" count="1" type="stmt"/>
        <line num="38" count="6" type="stmt"/>
        <line num="45" count="8" type="stmt"/>
        <line num="46" count="7" type="stmt"/>
        <line num="50" count="4" type="stmt"/>
      </file>
    </package>
  </project>
</coverage>
