{"/Users/zc01443/proyectos/mocks-server/main/packages/config/index.js": {"path":"/Users/zc01443/proyectos/mocks-server/main/packages/config/index.js","statementMap":{"0":{"start":{"line":1,"column":15},"end":{"line":1,"column":38}},"1":{"start":{"line":2,"column":17},"end":{"line":2,"column":42}},"2":{"start":{"line":4,"column":0},"end":{"line":7,"column":2}}},"fnMap":{},"branchMap":{},"s":{"0":1,"1":1,"2":1},"f":{},"b":{},"_coverageSchema":"1a1c01bbd47fc00a2c39e90264f33305004495a9","hash":"d4dbfef8d4810984f914e4cedebc074369cceef7"}
,"/Users/zc01443/proyectos/mocks-server/main/packages/config/src/CommandLineArguments.js": {"path":"/Users/zc01443/proyectos/mocks-server/main/packages/config/src/CommandLineArguments.js","statementMap":{"0":{"start":{"line":14,"column":18},"end":{"line":14,"column":38}},"1":{"start":{"line":15,"column":0},"end":{"line":15,"column":41}},"2":{"start":{"line":17,"column":28},"end":{"line":17,"column":48}},"3":{"start":{"line":21,"column":4},"end":{"line":21,"column":23}},"4":{"start":{"line":22,"column":4},"end":{"line":22,"column":53}},"5":{"start":{"line":23,"column":4},"end":{"line":23,"column":69}},"6":{"start":{"line":25,"column":4},"end":{"line":32,"column":74}},"7":{"start":{"line":36,"column":28},"end":{"line":36,"column":63}},"8":{"start":{"line":37,"column":4},"end":{"line":49,"column":11}},"9":{"start":{"line":38,"column":6},"end":{"line":47,"column":7}},"10":{"start":{"line":46,"column":8},"end":{"line":46,"column":58}},"11":{"start":{"line":48,"column":6},"end":{"line":48,"column":21}},"12":{"start":{"line":51,"column":4},"end":{"line":51,"column":29}},"13":{"start":{"line":55,"column":22},"end":{"line":55,"column":54}},"14":{"start":{"line":56,"column":26},"end":{"line":56,"column":56}},"15":{"start":{"line":57,"column":25},"end":{"line":57,"column":68}},"16":{"start":{"line":58,"column":30},"end":{"line":58,"column":73}},"17":{"start":{"line":59,"column":25},"end":{"line":59,"column":55}},"18":{"start":{"line":61,"column":4},"end":{"line":65,"column":6}},"19":{"start":{"line":66,"column":4},"end":{"line":66,"column":48}},"20":{"start":{"line":67,"column":4},"end":{"line":69,"column":5}},"21":{"start":{"line":68,"column":6},"end":{"line":68,"column":68}},"22":{"start":{"line":73,"column":4},"end":{"line":73,"column":25}},"23":{"start":{"line":77,"column":0},"end":{"line":77,"column":38}}},"fnMap":{"0":{"name":"(anonymous_0)","decl":{"start":{"line":20,"column":2},"end":{"line":20,"column":3}},"loc":{"start":{"line":20,"column":30},"end":{"line":33,"column":3}},"line":20},"1":{"name":"(anonymous_1)","decl":{"start":{"line":35,"column":2},"end":{"line":35,"column":3}},"loc":{"start":{"line":35,"column":9},"end":{"line":52,"column":3}},"line":35},"2":{"name":"(anonymous_2)","decl":{"start":{"line":37,"column":46},"end":{"line":37,"column":47}},"loc":{"start":{"line":37,"column":71},"end":{"line":49,"column":5}},"line":37},"3":{"name":"(anonymous_3)","decl":{"start":{"line":54,"column":2},"end":{"line":54,"column":3}},"loc":{"start":{"line":54,"column":27},"end":{"line":70,"column":3}},"line":54},"4":{"name":"(anonymous_4)","decl":{"start":{"line":72,"column":2},"end":{"line":72,"column":3}},"loc":{"start":{"line":72,"column":16},"end":{"line":74,"column":3}},"line":72}},"branchMap":{"0":{"loc":{"start":{"line":38,"column":6},"end":{"line":47,"column":7}},"type":"if","locations":[{"start":{"line":38,"column":6},"end":{"line":47,"column":7}},{"start":{},"end":{}}],"line":38},"1":{"loc":{"start":{"line":39,"column":8},"end":{"line":44,"column":9}},"type":"binary-expr","locations":[{"start":{"line":39,"column":8},"end":{"line":39,"column":50}},{"start":{"line":41,"column":8},"end":{"line":44,"column":9}}],"line":39},"2":{"loc":{"start":{"line":42,"column":10},"end":{"line":43,"column":46}},"type":"binary-expr","locations":[{"start":{"line":42,"column":10},"end":{"line":42,"column":67}},{"start":{"line":43,"column":10},"end":{"line":43,"column":46}}],"line":42},"3":{"loc":{"start":{"line":57,"column":25},"end":{"line":57,"column":68}},"type":"cond-expr","locations":[{"start":{"line":57,"column":54},"end":{"line":57,"column":61}},{"start":{"line":57,"column":64},"end":{"line":57,"column":68}}],"line":57},"4":{"loc":{"start":{"line":57,"column":25},"end":{"line":57,"column":51}},"type":"binary-expr","locations":[{"start":{"line":57,"column":25},"end":{"line":57,"column":34}},{"start":{"line":57,"column":38},"end":{"line":57,"column":51}}],"line":57},"5":{"loc":{"start":{"line":58,"column":30},"end":{"line":58,"column":73}},"type":"cond-expr","locations":[{"start":{"line":58,"column":42},"end":{"line":58,"column":44}},{"start":{"line":58,"column":47},"end":{"line":58,"column":73}}],"line":58},"6":{"loc":{"start":{"line":67,"column":4},"end":{"line":69,"column":5}},"type":"if","locations":[{"start":{"line":67,"column":4},"end":{"line":69,"column":5}},{"start":{},"end":{}}],"line":67},"7":{"loc":{"start":{"line":67,"column":8},"end":{"line":67,"column":34}},"type":"binary-expr","locations":[{"start":{"line":67,"column":8},"end":{"line":67,"column":17}},{"start":{"line":67,"column":21},"end":{"line":67,"column":34}}],"line":67}},"s":{"0":4,"1":4,"2":4,"3":13,"4":13,"5":13,"6":13,"7":12,"8":12,"9":75,"10":2,"11":75,"12":12,"13":9,"14":9,"15":9,"16":9,"17":9,"18":9,"19":9,"20":9,"21":3,"22":3,"23":4},"f":{"0":13,"1":12,"2":75,"3":9,"4":3},"b":{"0":[2,73],"1":[75,3],"2":[3,2],"3":[3,6],"4":[9,4],"5":[4,5],"6":[3,6],"7":[9,4]},"_coverageSchema":"1a1c01bbd47fc00a2c39e90264f33305004495a9","hash":"59b6327fc8d3184a1b05d7e33eb6da88de642679"}
,"/Users/zc01443/proyectos/mocks-server/main/packages/config/src/Config.js": {"path":"/Users/zc01443/proyectos/mocks-server/main/packages/config/src/Config.js","statementMap":{"0":{"start":{"line":11,"column":13},"end":{"line":11,"column":28}},"1":{"start":{"line":13,"column":16},"end":{"line":13,"column":35}},"2":{"start":{"line":14,"column":18},"end":{"line":14,"column":39}},"3":{"start":{"line":15,"column":33},"end":{"line":15,"column":50}},"4":{"start":{"line":17,"column":29},"end":{"line":17,"column":50}},"5":{"start":{"line":19,"column":20},"end":{"line":19,"column":37}},"6":{"start":{"line":23,"column":4},"end":{"line":23,"column":26}},"7":{"start":{"line":24,"column":4},"end":{"line":24,"column":27}},"8":{"start":{"line":25,"column":4},"end":{"line":25,"column":30}},"9":{"start":{"line":26,"column":4},"end":{"line":26,"column":23}},"10":{"start":{"line":27,"column":4},"end":{"line":27,"column":45}},"11":{"start":{"line":28,"column":4},"end":{"line":28,"column":49}},"12":{"start":{"line":32,"column":4},"end":{"line":32,"column":30}},"13":{"start":{"line":33,"column":4},"end":{"line":33,"column":33}},"14":{"start":{"line":37,"column":4},"end":{"line":37,"column":65}},"15":{"start":{"line":38,"column":4},"end":{"line":38,"column":31}},"16":{"start":{"line":42,"column":4},"end":{"line":42,"column":37}},"17":{"start":{"line":43,"column":4},"end":{"line":43,"column":64}},"18":{"start":{"line":44,"column":4},"end":{"line":44,"column":45}},"19":{"start":{"line":48,"column":4},"end":{"line":48,"column":52}},"20":{"start":{"line":49,"column":4},"end":{"line":77,"column":5}},"21":{"start":{"line":50,"column":25},"end":{"line":50,"column":48}},"22":{"start":{"line":51,"column":6},"end":{"line":73,"column":7}},"23":{"start":{"line":52,"column":8},"end":{"line":52,"column":50}},"24":{"start":{"line":53,"column":33},"end":{"line":53,"column":62}},"25":{"start":{"line":54,"column":8},"end":{"line":69,"column":9}},"26":{"start":{"line":55,"column":10},"end":{"line":66,"column":15}},"27":{"start":{"line":57,"column":14},"end":{"line":61,"column":15}},"28":{"start":{"line":58,"column":16},"end":{"line":60,"column":18}},"29":{"start":{"line":62,"column":14},"end":{"line":62,"column":61}},"30":{"start":{"line":65,"column":14},"end":{"line":65,"column":55}},"31":{"start":{"line":67,"column":15},"end":{"line":69,"column":9}},"32":{"start":{"line":68,"column":10},"end":{"line":68,"column":63}},"33":{"start":{"line":70,"column":8},"end":{"line":70,"column":92}},"34":{"start":{"line":71,"column":13},"end":{"line":73,"column":7}},"35":{"start":{"line":72,"column":8},"end":{"line":72,"column":55}},"36":{"start":{"line":74,"column":6},"end":{"line":74,"column":82}},"37":{"start":{"line":76,"column":6},"end":{"line":76,"column":47}},"38":{"start":{"line":81,"column":4},"end":{"line":83,"column":5}},"39":{"start":{"line":82,"column":6},"end":{"line":82,"column":22}},"40":{"start":{"line":84,"column":4},"end":{"line":84,"column":49}},"41":{"start":{"line":88,"column":4},"end":{"line":93,"column":7}},"42":{"start":{"line":89,"column":6},"end":{"line":89,"column":39}},"43":{"start":{"line":90,"column":6},"end":{"line":90,"column":43}},"44":{"start":{"line":91,"column":6},"end":{"line":91,"column":83}},"45":{"start":{"line":92,"column":6},"end":{"line":92,"column":31}},"46":{"start":{"line":97,"column":4},"end":{"line":100,"column":5}},"47":{"start":{"line":98,"column":6},"end":{"line":98,"column":58}},"48":{"start":{"line":99,"column":6},"end":{"line":99,"column":31}},"49":{"start":{"line":101,"column":27},"end":{"line":101,"column":95}},"50":{"start":{"line":102,"column":4},"end":{"line":116,"column":7}},"51":{"start":{"line":103,"column":6},"end":{"line":114,"column":7}},"52":{"start":{"line":104,"column":8},"end":{"line":104,"column":58}},"53":{"start":{"line":105,"column":8},"end":{"line":113,"column":13}},"54":{"start":{"line":107,"column":12},"end":{"line":107,"column":74}},"55":{"start":{"line":108,"column":12},"end":{"line":108,"column":52}},"56":{"start":{"line":111,"column":12},"end":{"line":111,"column":77}},"57":{"start":{"line":112,"column":12},"end":{"line":112,"column":37}},"58":{"start":{"line":115,"column":6},"end":{"line":115,"column":46}},"59":{"start":{"line":120,"column":4},"end":{"line":123,"column":6}},"60":{"start":{"line":124,"column":4},"end":{"line":126,"column":5}},"61":{"start":{"line":125,"column":6},"end":{"line":125,"column":42}},"62":{"start":{"line":130,"column":4},"end":{"line":133,"column":5}},"63":{"start":{"line":131,"column":6},"end":{"line":131,"column":59}},"64":{"start":{"line":132,"column":6},"end":{"line":132,"column":49}},"65":{"start":{"line":134,"column":4},"end":{"line":136,"column":5}},"66":{"start":{"line":135,"column":6},"end":{"line":135,"column":89}},"67":{"start":{"line":137,"column":4},"end":{"line":139,"column":5}},"68":{"start":{"line":138,"column":6},"end":{"line":138,"column":69}},"69":{"start":{"line":140,"column":4},"end":{"line":142,"column":5}},"70":{"start":{"line":141,"column":6},"end":{"line":141,"column":49}},"71":{"start":{"line":143,"column":4},"end":{"line":146,"column":5}},"72":{"start":{"line":144,"column":6},"end":{"line":144,"column":66}},"73":{"start":{"line":145,"column":6},"end":{"line":145,"column":86}},"74":{"start":{"line":147,"column":4},"end":{"line":152,"column":5}},"75":{"start":{"line":148,"column":6},"end":{"line":148,"column":80}},"76":{"start":{"line":149,"column":6},"end":{"line":151,"column":8}},"77":{"start":{"line":153,"column":4},"end":{"line":155,"column":5}},"78":{"start":{"line":154,"column":6},"end":{"line":154,"column":55}},"79":{"start":{"line":156,"column":4},"end":{"line":158,"column":5}},"80":{"start":{"line":157,"column":6},"end":{"line":157,"column":61}},"81":{"start":{"line":159,"column":4},"end":{"line":159,"column":79}},"82":{"start":{"line":163,"column":4},"end":{"line":163,"column":29}},"83":{"start":{"line":167,"column":4},"end":{"line":167,"column":25}},"84":{"start":{"line":171,"column":0},"end":{"line":171,"column":24}}},"fnMap":{"0":{"name":"(anonymous_0)","decl":{"start":{"line":22,"column":2},"end":{"line":22,"column":3}},"loc":{"start":{"line":22,"column":61},"end":{"line":29,"column":3}},"line":22},"1":{"name":"(anonymous_1)","decl":{"start":{"line":31,"column":2},"end":{"line":31,"column":3}},"loc":{"start":{"line":31,"column":16},"end":{"line":34,"column":3}},"line":31},"2":{"name":"(anonymous_2)","decl":{"start":{"line":36,"column":2},"end":{"line":36,"column":3}},"loc":{"start":{"line":36,"column":31},"end":{"line":39,"column":3}},"line":36},"3":{"name":"(anonymous_3)","decl":{"start":{"line":41,"column":2},"end":{"line":41,"column":3}},"loc":{"start":{"line":41,"column":43},"end":{"line":45,"column":3}},"line":41},"4":{"name":"(anonymous_4)","decl":{"start":{"line":47,"column":2},"end":{"line":47,"column":3}},"loc":{"start":{"line":47,"column":34},"end":{"line":78,"column":3}},"line":47},"5":{"name":"(anonymous_5)","decl":{"start":{"line":56,"column":18},"end":{"line":56,"column":19}},"loc":{"start":{"line":56,"column":34},"end":{"line":63,"column":13}},"line":56},"6":{"name":"(anonymous_6)","decl":{"start":{"line":64,"column":19},"end":{"line":64,"column":20}},"loc":{"start":{"line":64,"column":30},"end":{"line":66,"column":13}},"line":64},"7":{"name":"(anonymous_7)","decl":{"start":{"line":80,"column":2},"end":{"line":80,"column":3}},"loc":{"start":{"line":80,"column":31},"end":{"line":85,"column":3}},"line":80},"8":{"name":"(anonymous_8)","decl":{"start":{"line":87,"column":2},"end":{"line":87,"column":3}},"loc":{"start":{"line":87,"column":30},"end":{"line":94,"column":3}},"line":87},"9":{"name":"(anonymous_9)","decl":{"start":{"line":88,"column":53},"end":{"line":88,"column":54}},"loc":{"start":{"line":88,"column":69},"end":{"line":93,"column":5}},"line":88},"10":{"name":"(anonymous_10)","decl":{"start":{"line":96,"column":2},"end":{"line":96,"column":3}},"loc":{"start":{"line":96,"column":19},"end":{"line":117,"column":3}},"line":96},"11":{"name":"(anonymous_11)","decl":{"start":{"line":102,"column":51},"end":{"line":102,"column":52}},"loc":{"start":{"line":102,"column":63},"end":{"line":116,"column":5}},"line":102},"12":{"name":"(anonymous_12)","decl":{"start":{"line":106,"column":16},"end":{"line":106,"column":17}},"loc":{"start":{"line":106,"column":22},"end":{"line":109,"column":11}},"line":106},"13":{"name":"(anonymous_13)","decl":{"start":{"line":110,"column":17},"end":{"line":110,"column":18}},"loc":{"start":{"line":110,"column":26},"end":{"line":113,"column":11}},"line":110},"14":{"name":"(anonymous_14)","decl":{"start":{"line":119,"column":2},"end":{"line":119,"column":3}},"loc":{"start":{"line":119,"column":23},"end":{"line":127,"column":3}},"line":119},"15":{"name":"(anonymous_15)","decl":{"start":{"line":129,"column":2},"end":{"line":129,"column":3}},"loc":{"start":{"line":129,"column":26},"end":{"line":160,"column":3}},"line":129},"16":{"name":"(anonymous_16)","decl":{"start":{"line":162,"column":2},"end":{"line":162,"column":3}},"loc":{"start":{"line":162,"column":20},"end":{"line":164,"column":3}},"line":162},"17":{"name":"(anonymous_17)","decl":{"start":{"line":166,"column":2},"end":{"line":166,"column":3}},"loc":{"start":{"line":166,"column":16},"end":{"line":168,"column":3}},"line":166}},"branchMap":{"0":{"loc":{"start":{"line":22,"column":26},"end":{"line":22,"column":49}},"type":"default-arg","locations":[{"start":{"line":22,"column":47},"end":{"line":22,"column":49}}],"line":22},"1":{"loc":{"start":{"line":51,"column":6},"end":{"line":73,"column":7}},"type":"if","locations":[{"start":{"line":51,"column":6},"end":{"line":73,"column":7}},{"start":{"line":71,"column":13},"end":{"line":73,"column":7}}],"line":51},"2":{"loc":{"start":{"line":54,"column":8},"end":{"line":69,"column":9}},"type":"if","locations":[{"start":{"line":54,"column":8},"end":{"line":69,"column":9}},{"start":{"line":67,"column":15},"end":{"line":69,"column":9}}],"line":54},"3":{"loc":{"start":{"line":57,"column":14},"end":{"line":61,"column":15}},"type":"if","locations":[{"start":{"line":57,"column":14},"end":{"line":61,"column":15}},{"start":{},"end":{}}],"line":57},"4":{"loc":{"start":{"line":67,"column":15},"end":{"line":69,"column":9}},"type":"if","locations":[{"start":{"line":67,"column":15},"end":{"line":69,"column":9}},{"start":{},"end":{}}],"line":67},"5":{"loc":{"start":{"line":71,"column":13},"end":{"line":73,"column":7}},"type":"if","locations":[{"start":{"line":71,"column":13},"end":{"line":73,"column":7}},{"start":{},"end":{}}],"line":71},"6":{"loc":{"start":{"line":81,"column":4},"end":{"line":83,"column":5}},"type":"if","locations":[{"start":{"line":81,"column":4},"end":{"line":83,"column":5}},{"start":{},"end":{}}],"line":81},"7":{"loc":{"start":{"line":97,"column":4},"end":{"line":100,"column":5}},"type":"if","locations":[{"start":{"line":97,"column":4},"end":{"line":100,"column":5}},{"start":{},"end":{}}],"line":97},"8":{"loc":{"start":{"line":101,"column":51},"end":{"line":101,"column":94}},"type":"binary-expr","locations":[{"start":{"line":101,"column":51},"end":{"line":101,"column":79}},{"start":{"line":101,"column":83},"end":{"line":101,"column":94}}],"line":101},"9":{"loc":{"start":{"line":103,"column":6},"end":{"line":114,"column":7}},"type":"if","locations":[{"start":{"line":103,"column":6},"end":{"line":114,"column":7}},{"start":{},"end":{}}],"line":103},"10":{"loc":{"start":{"line":124,"column":4},"end":{"line":126,"column":5}},"type":"if","locations":[{"start":{"line":124,"column":4},"end":{"line":126,"column":5}},{"start":{},"end":{}}],"line":124},"11":{"loc":{"start":{"line":130,"column":4},"end":{"line":133,"column":5}},"type":"if","locations":[{"start":{"line":130,"column":4},"end":{"line":133,"column":5}},{"start":{},"end":{}}],"line":130},"12":{"loc":{"start":{"line":134,"column":4},"end":{"line":136,"column":5}},"type":"if","locations":[{"start":{"line":134,"column":4},"end":{"line":136,"column":5}},{"start":{},"end":{}}],"line":134},"13":{"loc":{"start":{"line":137,"column":4},"end":{"line":139,"column":5}},"type":"if","locations":[{"start":{"line":137,"column":4},"end":{"line":139,"column":5}},{"start":{},"end":{}}],"line":137},"14":{"loc":{"start":{"line":140,"column":4},"end":{"line":142,"column":5}},"type":"if","locations":[{"start":{"line":140,"column":4},"end":{"line":142,"column":5}},{"start":{},"end":{}}],"line":140},"15":{"loc":{"start":{"line":143,"column":4},"end":{"line":146,"column":5}},"type":"if","locations":[{"start":{"line":143,"column":4},"end":{"line":146,"column":5}},{"start":{},"end":{}}],"line":143},"16":{"loc":{"start":{"line":144,"column":34},"end":{"line":144,"column":65}},"type":"binary-expr","locations":[{"start":{"line":144,"column":34},"end":{"line":144,"column":59}},{"start":{"line":144,"column":63},"end":{"line":144,"column":65}}],"line":144},"17":{"loc":{"start":{"line":147,"column":4},"end":{"line":152,"column":5}},"type":"if","locations":[{"start":{"line":147,"column":4},"end":{"line":152,"column":5}},{"start":{},"end":{}}],"line":147},"18":{"loc":{"start":{"line":148,"column":41},"end":{"line":148,"column":79}},"type":"binary-expr","locations":[{"start":{"line":148,"column":41},"end":{"line":148,"column":73}},{"start":{"line":148,"column":77},"end":{"line":148,"column":79}}],"line":148},"19":{"loc":{"start":{"line":153,"column":4},"end":{"line":155,"column":5}},"type":"if","locations":[{"start":{"line":153,"column":4},"end":{"line":155,"column":5}},{"start":{},"end":{}}],"line":153},"20":{"loc":{"start":{"line":156,"column":4},"end":{"line":158,"column":5}},"type":"if","locations":[{"start":{"line":156,"column":4},"end":{"line":158,"column":5}},{"start":{},"end":{}}],"line":156},"21":{"loc":{"start":{"line":159,"column":45},"end":{"line":159,"column":78}},"type":"binary-expr","locations":[{"start":{"line":159,"column":45},"end":{"line":159,"column":72}},{"start":{"line":159,"column":76},"end":{"line":159,"column":78}}],"line":159}},"s":{"0":4,"1":4,"2":4,"3":4,"4":4,"5":4,"6":36,"7":36,"8":36,"9":36,"10":36,"11":36,"12":22,"13":22,"14":12,"15":12,"16":7,"17":7,"18":7,"19":19,"20":19,"21":19,"22":12,"23":8,"24":8,"25":7,"26":4,"27":3,"28":1,"29":2,"30":2,"31":3,"32":2,"33":1,"34":4,"35":3,"36":1,"37":10,"38":21,"39":1,"40":20,"41":19,"42":19,"43":19,"44":19,"45":19,"46":22,"47":1,"48":1,"49":21,"50":21,"51":21,"52":8,"53":8,"54":6,"55":6,"56":2,"57":2,"58":13,"59":77,"60":77,"61":6,"62":55,"63":4,"64":4,"65":55,"66":2,"67":55,"68":2,"69":55,"70":9,"71":55,"72":2,"73":2,"74":55,"75":1,"76":1,"77":55,"78":21,"79":55,"80":1,"81":55,"82":19,"83":14,"84":4},"f":{"0":36,"1":22,"2":12,"3":7,"4":19,"5":3,"6":2,"7":21,"8":19,"9":19,"10":22,"11":21,"12":6,"13":2,"14":77,"15":55,"16":19,"17":14},"b":{"0":[2],"1":[8,4],"2":[4,3],"3":[1,2],"4":[2,1],"5":[3,1],"6":[1,20],"7":[1,21],"8":[21,2],"9":[8,13],"10":[6,71],"11":[4,51],"12":[2,53],"13":[2,53],"14":[9,46],"15":[2,53],"16":[2,1],"17":[1,54],"18":[1,1],"19":[21,34],"20":[1,54],"21":[55,53]},"_coverageSchema":"1a1c01bbd47fc00a2c39e90264f33305004495a9","hash":"66974726193c65045ecdf9e2be6e383d55df6e59"}
,"/Users/zc01443/proyectos/mocks-server/main/packages/config/src/Options.js": {"path":"/Users/zc01443/proyectos/mocks-server/main/packages/config/src/Options.js","statementMap":{"0":{"start":{"line":12,"column":24},"end":{"line":12,"column":41}},"1":{"start":{"line":14,"column":29},"end":{"line":14,"column":62}},"2":{"start":{"line":16,"column":24},"end":{"line":24,"column":1}},"3":{"start":{"line":26,"column":27},"end":{"line":26,"column":29}},"4":{"start":{"line":30,"column":4},"end":{"line":30,"column":26}},"5":{"start":{"line":31,"column":4},"end":{"line":31,"column":26}},"6":{"start":{"line":32,"column":4},"end":{"line":32,"column":23}},"7":{"start":{"line":33,"column":4},"end":{"line":33,"column":54}},"8":{"start":{"line":34,"column":4},"end":{"line":34,"column":30}},"9":{"start":{"line":35,"column":4},"end":{"line":35,"column":30}},"10":{"start":{"line":36,"column":4},"end":{"line":36,"column":75}},"11":{"start":{"line":40,"column":4},"end":{"line":58,"column":5}},"12":{"start":{"line":41,"column":6},"end":{"line":41,"column":31}},"13":{"start":{"line":42,"column":26},"end":{"line":46,"column":7}},"14":{"start":{"line":47,"column":6},"end":{"line":57,"column":7}},"15":{"start":{"line":48,"column":8},"end":{"line":48,"column":48}},"16":{"start":{"line":49,"column":8},"end":{"line":54,"column":10}},"17":{"start":{"line":56,"column":8},"end":{"line":56,"column":90}},"18":{"start":{"line":59,"column":4},"end":{"line":59,"column":29}},"19":{"start":{"line":63,"column":4},"end":{"line":63,"column":25}},"20":{"start":{"line":67,"column":4},"end":{"line":67,"column":37}},"21":{"start":{"line":68,"column":4},"end":{"line":68,"column":34}},"22":{"start":{"line":72,"column":23},"end":{"line":72,"column":58}},"23":{"start":{"line":73,"column":4},"end":{"line":77,"column":5}},"24":{"start":{"line":74,"column":6},"end":{"line":76,"column":8}},"25":{"start":{"line":78,"column":4},"end":{"line":80,"column":5}},"26":{"start":{"line":79,"column":6},"end":{"line":79,"column":89}},"27":{"start":{"line":81,"column":4},"end":{"line":83,"column":5}},"28":{"start":{"line":82,"column":6},"end":{"line":82,"column":86}},"29":{"start":{"line":84,"column":4},"end":{"line":86,"column":5}},"30":{"start":{"line":85,"column":6},"end":{"line":85,"column":89}},"31":{"start":{"line":87,"column":4},"end":{"line":91,"column":5}},"32":{"start":{"line":88,"column":6},"end":{"line":90,"column":8}},"33":{"start":{"line":92,"column":4},"end":{"line":97,"column":5}},"34":{"start":{"line":93,"column":6},"end":{"line":95,"column":8}},"35":{"start":{"line":96,"column":6},"end":{"line":96,"column":37}},"36":{"start":{"line":99,"column":4},"end":{"line":99,"column":48}},"37":{"start":{"line":100,"column":4},"end":{"line":100,"column":69}},"38":{"start":{"line":101,"column":4},"end":{"line":101,"column":56}},"39":{"start":{"line":105,"column":4},"end":{"line":107,"column":5}},"40":{"start":{"line":106,"column":6},"end":{"line":106,"column":24}},"41":{"start":{"line":108,"column":4},"end":{"line":108,"column":16}},"42":{"start":{"line":112,"column":28},"end":{"line":112,"column":63}},"43":{"start":{"line":113,"column":4},"end":{"line":115,"column":5}},"44":{"start":{"line":114,"column":6},"end":{"line":114,"column":29}},"45":{"start":{"line":116,"column":4},"end":{"line":116,"column":40}},"46":{"start":{"line":120,"column":4},"end":{"line":125,"column":11}},"47":{"start":{"line":121,"column":6},"end":{"line":123,"column":7}},"48":{"start":{"line":122,"column":8},"end":{"line":122,"column":54}},"49":{"start":{"line":124,"column":6},"end":{"line":124,"column":25}},"50":{"start":{"line":129,"column":4},"end":{"line":129,"column":26}},"51":{"start":{"line":133,"column":0},"end":{"line":133,"column":25}}},"fnMap":{"0":{"name":"(anonymous_0)","decl":{"start":{"line":29,"column":2},"end":{"line":29,"column":3}},"loc":{"start":{"line":29,"column":30},"end":{"line":37,"column":3}},"line":29},"1":{"name":"(anonymous_1)","decl":{"start":{"line":39,"column":2},"end":{"line":39,"column":3}},"loc":{"start":{"line":39,"column":15},"end":{"line":60,"column":3}},"line":39},"2":{"name":"(anonymous_2)","decl":{"start":{"line":62,"column":2},"end":{"line":62,"column":3}},"loc":{"start":{"line":62,"column":16},"end":{"line":64,"column":3}},"line":62},"3":{"name":"(anonymous_3)","decl":{"start":{"line":66,"column":2},"end":{"line":66,"column":3}},"loc":{"start":{"line":66,"column":36},"end":{"line":69,"column":3}},"line":66},"4":{"name":"(anonymous_4)","decl":{"start":{"line":71,"column":2},"end":{"line":71,"column":3}},"loc":{"start":{"line":71,"column":27},"end":{"line":102,"column":3}},"line":71},"5":{"name":"(anonymous_5)","decl":{"start":{"line":104,"column":2},"end":{"line":104,"column":3}},"loc":{"start":{"line":104,"column":33},"end":{"line":109,"column":3}},"line":104},"6":{"name":"(anonymous_6)","decl":{"start":{"line":111,"column":2},"end":{"line":111,"column":3}},"loc":{"start":{"line":111,"column":35},"end":{"line":117,"column":3}},"line":111},"7":{"name":"(anonymous_7)","decl":{"start":{"line":119,"column":2},"end":{"line":119,"column":3}},"loc":{"start":{"line":119,"column":28},"end":{"line":126,"column":3}},"line":119},"8":{"name":"(anonymous_8)","decl":{"start":{"line":120,"column":37},"end":{"line":120,"column":38}},"loc":{"start":{"line":120,"column":66},"end":{"line":125,"column":5}},"line":120},"9":{"name":"(anonymous_9)","decl":{"start":{"line":128,"column":2},"end":{"line":128,"column":3}},"loc":{"start":{"line":128,"column":36},"end":{"line":130,"column":3}},"line":128}},"branchMap":{"0":{"loc":{"start":{"line":40,"column":4},"end":{"line":58,"column":5}},"type":"if","locations":[{"start":{"line":40,"column":4},"end":{"line":58,"column":5}},{"start":{},"end":{}}],"line":40},"1":{"loc":{"start":{"line":47,"column":6},"end":{"line":57,"column":7}},"type":"if","locations":[{"start":{"line":47,"column":6},"end":{"line":57,"column":7}},{"start":{"line":55,"column":13},"end":{"line":57,"column":7}}],"line":47},"2":{"loc":{"start":{"line":72,"column":23},"end":{"line":72,"column":58}},"type":"binary-expr","locations":[{"start":{"line":72,"column":23},"end":{"line":72,"column":36}},{"start":{"line":72,"column":40},"end":{"line":72,"column":58}}],"line":72},"3":{"loc":{"start":{"line":73,"column":4},"end":{"line":77,"column":5}},"type":"if","locations":[{"start":{"line":73,"column":4},"end":{"line":77,"column":5}},{"start":{},"end":{}}],"line":73},"4":{"loc":{"start":{"line":78,"column":4},"end":{"line":80,"column":5}},"type":"if","locations":[{"start":{"line":78,"column":4},"end":{"line":80,"column":5}},{"start":{},"end":{}}],"line":78},"5":{"loc":{"start":{"line":81,"column":4},"end":{"line":83,"column":5}},"type":"if","locations":[{"start":{"line":81,"column":4},"end":{"line":83,"column":5}},{"start":{},"end":{}}],"line":81},"6":{"loc":{"start":{"line":84,"column":4},"end":{"line":86,"column":5}},"type":"if","locations":[{"start":{"line":84,"column":4},"end":{"line":86,"column":5}},{"start":{},"end":{}}],"line":84},"7":{"loc":{"start":{"line":87,"column":4},"end":{"line":91,"column":5}},"type":"if","locations":[{"start":{"line":87,"column":4},"end":{"line":91,"column":5}},{"start":{},"end":{}}],"line":87},"8":{"loc":{"start":{"line":87,"column":8},"end":{"line":87,"column":92}},"type":"binary-expr","locations":[{"start":{"line":87,"column":8},"end":{"line":87,"column":27}},{"start":{"line":87,"column":31},"end":{"line":87,"column":92}}],"line":87},"9":{"loc":{"start":{"line":92,"column":4},"end":{"line":97,"column":5}},"type":"if","locations":[{"start":{"line":92,"column":4},"end":{"line":97,"column":5}},{"start":{},"end":{}}],"line":92},"10":{"loc":{"start":{"line":105,"column":4},"end":{"line":107,"column":5}},"type":"if","locations":[{"start":{"line":105,"column":4},"end":{"line":107,"column":5}},{"start":{},"end":{}}],"line":105},"11":{"loc":{"start":{"line":105,"column":8},"end":{"line":105,"column":82}},"type":"binary-expr","locations":[{"start":{"line":105,"column":8},"end":{"line":105,"column":47}},{"start":{"line":105,"column":51},"end":{"line":105,"column":82}}],"line":105},"12":{"loc":{"start":{"line":113,"column":4},"end":{"line":115,"column":5}},"type":"if","locations":[{"start":{"line":113,"column":4},"end":{"line":115,"column":5}},{"start":{},"end":{}}],"line":113},"13":{"loc":{"start":{"line":121,"column":6},"end":{"line":123,"column":7}},"type":"if","locations":[{"start":{"line":121,"column":6},"end":{"line":123,"column":7}},{"start":{},"end":{}}],"line":121}},"s":{"0":3,"1":3,"2":3,"3":3,"4":30,"5":30,"6":30,"7":30,"8":30,"9":30,"10":30,"11":21,"12":19,"13":19,"14":19,"15":18,"16":18,"17":1,"18":21,"19":9,"20":5,"21":5,"22":13,"23":13,"24":1,"25":12,"26":1,"27":11,"28":1,"29":10,"30":1,"31":9,"32":1,"33":8,"34":7,"35":7,"36":8,"37":8,"38":8,"39":6,"40":4,"41":2,"42":3,"43":3,"44":2,"45":1,"46":19,"47":139,"48":137,"49":139,"50":19,"51":3},"f":{"0":30,"1":21,"2":9,"3":5,"4":13,"5":6,"6":3,"7":19,"8":139,"9":19},"b":{"0":[19,2],"1":[18,1],"2":[13,11],"3":[1,12],"4":[1,11],"5":[1,10],"6":[1,9],"7":[1,8],"8":[9,9],"9":[7,1],"10":[4,2],"11":[6,4],"12":[2,1],"13":[137,2]},"_coverageSchema":"1a1c01bbd47fc00a2c39e90264f33305004495a9","hash":"ef5a4cda116a9d54ffad063c7fce6f53169d87c5"}
,"/Users/zc01443/proyectos/mocks-server/main/packages/config/src/Settings.js": {"path":"/Users/zc01443/proyectos/mocks-server/main/packages/config/src/Settings.js","statementMap":{"0":{"start":{"line":12,"column":16},"end":{"line":12,"column":36}},"1":{"start":{"line":16,"column":4},"end":{"line":16,"column":26}},"2":{"start":{"line":17,"column":4},"end":{"line":17,"column":30}},"3":{"start":{"line":18,"column":4},"end":{"line":18,"column":55}},"4":{"start":{"line":19,"column":4},"end":{"line":19,"column":27}},"5":{"start":{"line":23,"column":4},"end":{"line":23,"column":45}},"6":{"start":{"line":24,"column":4},"end":{"line":24,"column":57}},"7":{"start":{"line":25,"column":4},"end":{"line":25,"column":27}},"8":{"start":{"line":26,"column":4},"end":{"line":26,"column":40}},"9":{"start":{"line":27,"column":4},"end":{"line":27,"column":89}},"10":{"start":{"line":28,"column":4},"end":{"line":28,"column":29}},"11":{"start":{"line":32,"column":4},"end":{"line":32,"column":41}},"12":{"start":{"line":36,"column":4},"end":{"line":36,"column":45}},"13":{"start":{"line":37,"column":4},"end":{"line":37,"column":27}},"14":{"start":{"line":41,"column":23},"end":{"line":41,"column":72}},"15":{"start":{"line":42,"column":4},"end":{"line":50,"column":5}},"16":{"start":{"line":43,"column":6},"end":{"line":43,"column":83}},"17":{"start":{"line":44,"column":6},"end":{"line":44,"column":41}},"18":{"start":{"line":45,"column":6},"end":{"line":45,"column":44}},"19":{"start":{"line":46,"column":6},"end":{"line":46,"column":25}},"20":{"start":{"line":47,"column":6},"end":{"line":49,"column":7}},"21":{"start":{"line":48,"column":8},"end":{"line":48,"column":31}},"22":{"start":{"line":54,"column":4},"end":{"line":54,"column":77}},"23":{"start":{"line":58,"column":4},"end":{"line":58,"column":63}},"24":{"start":{"line":62,"column":4},"end":{"line":62,"column":33}},"25":{"start":{"line":66,"column":4},"end":{"line":66,"column":50}},"26":{"start":{"line":70,"column":0},"end":{"line":70,"column":26}}},"fnMap":{"0":{"name":"(anonymous_0)","decl":{"start":{"line":15,"column":2},"end":{"line":15,"column":3}},"loc":{"start":{"line":15,"column":44},"end":{"line":20,"column":3}},"line":15},"1":{"name":"(anonymous_1)","decl":{"start":{"line":22,"column":2},"end":{"line":22,"column":3}},"loc":{"start":{"line":22,"column":22},"end":{"line":29,"column":3}},"line":22},"2":{"name":"(anonymous_2)","decl":{"start":{"line":31,"column":2},"end":{"line":31,"column":3}},"loc":{"start":{"line":31,"column":20},"end":{"line":33,"column":3}},"line":31},"3":{"name":"(anonymous_3)","decl":{"start":{"line":35,"column":2},"end":{"line":35,"column":3}},"loc":{"start":{"line":35,"column":16},"end":{"line":38,"column":3}},"line":35},"4":{"name":"(anonymous_4)","decl":{"start":{"line":40,"column":2},"end":{"line":40,"column":3}},"loc":{"start":{"line":40,"column":21},"end":{"line":51,"column":3}},"line":40},"5":{"name":"(anonymous_5)","decl":{"start":{"line":53,"column":2},"end":{"line":53,"column":3}},"loc":{"start":{"line":53,"column":14},"end":{"line":55,"column":3}},"line":53},"6":{"name":"(anonymous_6)","decl":{"start":{"line":57,"column":2},"end":{"line":57,"column":3}},"loc":{"start":{"line":57,"column":33},"end":{"line":59,"column":3}},"line":57},"7":{"name":"(anonymous_7)","decl":{"start":{"line":61,"column":2},"end":{"line":61,"column":3}},"loc":{"start":{"line":61,"column":12},"end":{"line":63,"column":3}},"line":61},"8":{"name":"(anonymous_8)","decl":{"start":{"line":65,"column":2},"end":{"line":65,"column":3}},"loc":{"start":{"line":65,"column":20},"end":{"line":67,"column":3}},"line":65}},"branchMap":{"0":{"loc":{"start":{"line":42,"column":4},"end":{"line":50,"column":5}},"type":"if","locations":[{"start":{"line":42,"column":4},"end":{"line":50,"column":5}},{"start":{},"end":{}}],"line":42},"1":{"loc":{"start":{"line":47,"column":6},"end":{"line":49,"column":7}},"type":"if","locations":[{"start":{"line":47,"column":6},"end":{"line":49,"column":7}},{"start":{},"end":{}}],"line":47}},"s":{"0":2,"1":12,"2":12,"3":12,"4":12,"5":12,"6":12,"7":12,"8":12,"9":12,"10":12,"11":15,"12":6,"13":6,"14":8,"15":8,"16":6,"17":6,"18":6,"19":6,"20":6,"21":3,"22":3,"23":1,"24":2,"25":1,"26":2},"f":{"0":12,"1":12,"2":15,"3":6,"4":8,"5":3,"6":1,"7":2,"8":1},"b":{"0":[6,2],"1":[3,3]},"_coverageSchema":"1a1c01bbd47fc00a2c39e90264f33305004495a9","hash":"59005471a00af9b9907aac09f424f8d96a680539"}
,"/Users/zc01443/proyectos/mocks-server/main/packages/config/src/helpers.js": {"path":"/Users/zc01443/proyectos/mocks-server/main/packages/config/src/helpers.js","statementMap":{"0":{"start":{"line":12,"column":2},"end":{"line":14,"column":3}},"1":{"start":{"line":13,"column":4},"end":{"line":13,"column":31}},"2":{"start":{"line":15,"column":2},"end":{"line":17,"column":3}},"3":{"start":{"line":16,"column":4},"end":{"line":16,"column":20}},"4":{"start":{"line":20,"column":0},"end":{"line":22,"column":2}}},"fnMap":{"0":{"name":"getOptionParser","decl":{"start":{"line":11,"column":9},"end":{"line":11,"column":24}},"loc":{"start":{"line":11,"column":40},"end":{"line":18,"column":1}},"line":11}},"branchMap":{"0":{"loc":{"start":{"line":12,"column":2},"end":{"line":14,"column":3}},"type":"if","locations":[{"start":{"line":12,"column":2},"end":{"line":14,"column":3}},{"start":{},"end":{}}],"line":12},"1":{"loc":{"start":{"line":15,"column":2},"end":{"line":17,"column":3}},"type":"if","locations":[{"start":{"line":15,"column":2},"end":{"line":17,"column":3}},{"start":{},"end":{}}],"line":15}},"s":{"0":9,"1":2,"2":7,"3":2,"4":4},"f":{"0":9},"b":{"0":[2,7],"1":[2,5]},"_coverageSchema":"1a1c01bbd47fc00a2c39e90264f33305004495a9","hash":"a9160e09f57cdabd0e386186ce7e34b222ffcbc9"}
,"/Users/zc01443/proyectos/mocks-server/main/packages/config/src/scaffold.js": {"path":"/Users/zc01443/proyectos/mocks-server/main/packages/config/src/scaffold.js","statementMap":{"0":{"start":{"line":11,"column":11},"end":{"line":11,"column":24}},"1":{"start":{"line":12,"column":13},"end":{"line":12,"column":28}},"2":{"start":{"line":14,"column":16},"end":{"line":14,"column":35}},"3":{"start":{"line":17,"column":2},"end":{"line":17,"column":61}},"4":{"start":{"line":21,"column":2},"end":{"line":29,"column":5}},"5":{"start":{"line":22,"column":4},"end":{"line":28,"column":7}},"6":{"start":{"line":23,"column":6},"end":{"line":27,"column":7}},"7":{"start":{"line":24,"column":8},"end":{"line":24,"column":20}},"8":{"start":{"line":26,"column":8},"end":{"line":26,"column":22}},"9":{"start":{"line":33,"column":2},"end":{"line":41,"column":5}},"10":{"start":{"line":34,"column":4},"end":{"line":40,"column":7}},"11":{"start":{"line":35,"column":6},"end":{"line":39,"column":7}},"12":{"start":{"line":36,"column":8},"end":{"line":36,"column":20}},"13":{"start":{"line":38,"column":8},"end":{"line":38,"column":18}},"14":{"start":{"line":45,"column":2},"end":{"line":47,"column":5}},"15":{"start":{"line":46,"column":4},"end":{"line":46,"column":50}},"16":{"start":{"line":50,"column":0},"end":{"line":52,"column":2}}},"fnMap":{"0":{"name":"scaffoldPath","decl":{"start":{"line":16,"column":9},"end":{"line":16,"column":21}},"loc":{"start":{"line":16,"column":32},"end":{"line":18,"column":1}},"line":16},"1":{"name":"readScaffoldConfigFile","decl":{"start":{"line":20,"column":9},"end":{"line":20,"column":31}},"loc":{"start":{"line":20,"column":34},"end":{"line":30,"column":1}},"line":20},"2":{"name":"(anonymous_2)","decl":{"start":{"line":21,"column":21},"end":{"line":21,"column":22}},"loc":{"start":{"line":21,"column":42},"end":{"line":29,"column":3}},"line":21},"3":{"name":"(anonymous_3)","decl":{"start":{"line":22,"column":57},"end":{"line":22,"column":58}},"loc":{"start":{"line":22,"column":72},"end":{"line":28,"column":5}},"line":22},"4":{"name":"writeConfigFile","decl":{"start":{"line":32,"column":9},"end":{"line":32,"column":24}},"loc":{"start":{"line":32,"column":48},"end":{"line":42,"column":1}},"line":32},"5":{"name":"(anonymous_5)","decl":{"start":{"line":33,"column":21},"end":{"line":33,"column":22}},"loc":{"start":{"line":33,"column":42},"end":{"line":41,"column":3}},"line":33},"6":{"name":"(anonymous_6)","decl":{"start":{"line":34,"column":48},"end":{"line":34,"column":49}},"loc":{"start":{"line":34,"column":57},"end":{"line":40,"column":5}},"line":34},"7":{"name":"createConfigFile","decl":{"start":{"line":44,"column":9},"end":{"line":44,"column":25}},"loc":{"start":{"line":44,"column":36},"end":{"line":48,"column":1}},"line":44},"8":{"name":"(anonymous_8)","decl":{"start":{"line":45,"column":39},"end":{"line":45,"column":40}},"loc":{"start":{"line":45,"column":56},"end":{"line":47,"column":3}},"line":45}},"branchMap":{"0":{"loc":{"start":{"line":23,"column":6},"end":{"line":27,"column":7}},"type":"if","locations":[{"start":{"line":23,"column":6},"end":{"line":27,"column":7}},{"start":{"line":25,"column":13},"end":{"line":27,"column":7}}],"line":23},"1":{"loc":{"start":{"line":35,"column":6},"end":{"line":39,"column":7}},"type":"if","locations":[{"start":{"line":35,"column":6},"end":{"line":39,"column":7}},{"start":{"line":37,"column":13},"end":{"line":39,"column":7}}],"line":35}},"s":{"0":4,"1":4,"2":4,"3":8,"4":8,"5":8,"6":8,"7":1,"8":7,"9":7,"10":7,"11":7,"12":1,"13":6,"14":8,"15":7,"16":4},"f":{"0":8,"1":8,"2":8,"3":8,"4":7,"5":7,"6":7,"7":8,"8":7},"b":{"0":[1,7],"1":[1,6]},"_coverageSchema":"1a1c01bbd47fc00a2c39e90264f33305004495a9","hash":"e771da32ae280794a3aa7ece12ae167ecc020f40"}
}
