TN:
SF:index.js
FNF:0
FNH:0
DA:1,1
DA:2,1
DA:4,1
LF:3
LH:3
BRF:0
BRH:0
end_of_record
TN:
SF:src/CommandLineArguments.js
FN:20,(anonymous_0)
FN:35,(anonymous_1)
FN:37,(anonymous_2)
FN:54,(anonymous_3)
FN:72,(anonymous_4)
FNF:5
FNH:5
FNDA:13,(anonymous_0)
FNDA:12,(anonymous_1)
FNDA:75,(anonymous_2)
FNDA:9,(anonymous_3)
FNDA:3,(anonymous_4)
DA:14,4
DA:15,4
DA:17,4
DA:21,13
DA:22,13
DA:23,13
DA:25,13
DA:36,12
DA:37,12
DA:38,75
DA:46,2
DA:48,75
DA:51,12
DA:55,9
DA:56,9
DA:57,9
DA:58,9
DA:59,9
DA:61,9
DA:66,9
DA:67,9
DA:68,3
DA:73,3
DA:77,4
LF:24
LH:24
BRDA:38,0,0,2
BRDA:38,0,1,73
BRDA:39,1,0,75
BRDA:39,1,1,3
BRDA:42,2,0,3
BRDA:42,2,1,2
BRDA:57,3,0,3
BRDA:57,3,1,6
BRDA:57,4,0,9
BRDA:57,4,1,4
BRDA:58,5,0,4
BRDA:58,5,1,5
BRDA:67,6,0,3
BRDA:67,6,1,6
BRDA:67,7,0,9
BRDA:67,7,1,4
BRF:16
BRH:16
end_of_record
TN:
SF:src/Config.js
FN:22,(anonymous_0)
FN:31,(anonymous_1)
FN:36,(anonymous_2)
FN:41,(anonymous_3)
FN:47,(anonymous_4)
FN:56,(anonymous_5)
FN:64,(anonymous_6)
FN:80,(anonymous_7)
FN:87,(anonymous_8)
FN:88,(anonymous_9)
FN:96,(anonymous_10)
FN:102,(anonymous_11)
FN:106,(anonymous_12)
FN:110,(anonymous_13)
FN:119,(anonymous_14)
FN:129,(anonymous_15)
FN:162,(anonymous_16)
FN:166,(anonymous_17)
FNF:18
FNH:18
FNDA:36,(anonymous_0)
FNDA:22,(anonymous_1)
FNDA:12,(anonymous_2)
FNDA:7,(anonymous_3)
FNDA:19,(anonymous_4)
FNDA:3,(anonymous_5)
FNDA:2,(anonymous_6)
FNDA:21,(anonymous_7)
FNDA:19,(anonymous_8)
FNDA:19,(anonymous_9)
FNDA:22,(anonymous_10)
FNDA:21,(anonymous_11)
FNDA:6,(anonymous_12)
FNDA:2,(anonymous_13)
FNDA:77,(anonymous_14)
FNDA:55,(anonymous_15)
FNDA:19,(anonymous_16)
FNDA:14,(anonymous_17)
DA:11,4
DA:13,4
DA:14,4
DA:15,4
DA:17,4
DA:19,4
DA:23,36
DA:24,36
DA:25,36
DA:26,36
DA:27,36
DA:28,36
DA:32,22
DA:33,22
DA:37,12
DA:38,12
DA:42,7
DA:43,7
DA:44,7
DA:48,19
DA:49,19
DA:50,19
DA:51,12
DA:52,8
DA:53,8
DA:54,7
DA:55,4
DA:57,3
DA:58,1
DA:62,2
DA:65,2
DA:67,3
DA:68,2
DA:70,1
DA:71,4
DA:72,3
DA:74,1
DA:76,10
DA:81,21
DA:82,1
DA:84,20
DA:88,19
DA:89,19
DA:90,19
DA:91,19
DA:92,19
DA:97,22
DA:98,1
DA:99,1
DA:101,21
DA:102,21
DA:103,21
DA:104,8
DA:105,8
DA:107,6
DA:108,6
DA:111,2
DA:112,2
DA:115,13
DA:120,77
DA:124,77
DA:125,6
DA:130,55
DA:131,4
DA:132,4
DA:134,55
DA:135,2
DA:137,55
DA:138,2
DA:140,55
DA:141,9
DA:143,55
DA:144,2
DA:145,2
DA:147,55
DA:148,1
DA:149,1
DA:153,55
DA:154,21
DA:156,55
DA:157,1
DA:159,55
DA:163,19
DA:167,14
DA:171,4
LF:85
LH:85
BRDA:22,0,0,2
BRDA:51,1,0,8
BRDA:51,1,1,4
BRDA:54,2,0,4
BRDA:54,2,1,3
BRDA:57,3,0,1
BRDA:57,3,1,2
BRDA:67,4,0,2
BRDA:67,4,1,1
BRDA:71,5,0,3
BRDA:71,5,1,1
BRDA:81,6,0,1
BRDA:81,6,1,20
BRDA:97,7,0,1
BRDA:97,7,1,21
BRDA:101,8,0,21
BRDA:101,8,1,2
BRDA:103,9,0,8
BRDA:103,9,1,13
BRDA:124,10,0,6
BRDA:124,10,1,71
BRDA:130,11,0,4
BRDA:130,11,1,51
BRDA:134,12,0,2
BRDA:134,12,1,53
BRDA:137,13,0,2
BRDA:137,13,1,53
BRDA:140,14,0,9
BRDA:140,14,1,46
BRDA:143,15,0,2
BRDA:143,15,1,53
BRDA:144,16,0,2
BRDA:144,16,1,1
BRDA:147,17,0,1
BRDA:147,17,1,54
BRDA:148,18,0,1
BRDA:148,18,1,1
BRDA:153,19,0,21
BRDA:153,19,1,34
BRDA:156,20,0,1
BRDA:156,20,1,54
BRDA:159,21,0,55
BRDA:159,21,1,53
BRF:43
BRH:43
end_of_record
TN:
SF:src/Options.js
FN:29,(anonymous_0)
FN:39,(anonymous_1)
FN:62,(anonymous_2)
FN:66,(anonymous_3)
FN:71,(anonymous_4)
FN:104,(anonymous_5)
FN:111,(anonymous_6)
FN:119,(anonymous_7)
FN:120,(anonymous_8)
FN:128,(anonymous_9)
FNF:10
FNH:10
FNDA:30,(anonymous_0)
FNDA:21,(anonymous_1)
FNDA:9,(anonymous_2)
FNDA:5,(anonymous_3)
FNDA:13,(anonymous_4)
FNDA:6,(anonymous_5)
FNDA:3,(anonymous_6)
FNDA:19,(anonymous_7)
FNDA:139,(anonymous_8)
FNDA:19,(anonymous_9)
DA:12,3
DA:14,3
DA:16,3
DA:26,3
DA:30,30
DA:31,30
DA:32,30
DA:33,30
DA:34,30
DA:35,30
DA:36,30
DA:40,21
DA:41,19
DA:42,19
DA:47,19
DA:48,18
DA:49,18
DA:56,1
DA:59,21
DA:63,9
DA:67,5
DA:68,5
DA:72,13
DA:73,13
DA:74,1
DA:78,12
DA:79,1
DA:81,11
DA:82,1
DA:84,10
DA:85,1
DA:87,9
DA:88,1
DA:92,8
DA:93,7
DA:96,7
DA:99,8
DA:100,8
DA:101,8
DA:105,6
DA:106,4
DA:108,2
DA:112,3
DA:113,3
DA:114,2
DA:116,1
DA:120,19
DA:121,139
DA:122,137
DA:124,139
DA:129,19
DA:133,3
LF:52
LH:52
BRDA:40,0,0,19
BRDA:40,0,1,2
BRDA:47,1,0,18
BRDA:47,1,1,1
BRDA:72,2,0,13
BRDA:72,2,1,11
BRDA:73,3,0,1
BRDA:73,3,1,12
BRDA:78,4,0,1
BRDA:78,4,1,11
BRDA:81,5,0,1
BRDA:81,5,1,10
BRDA:84,6,0,1
BRDA:84,6,1,9
BRDA:87,7,0,1
BRDA:87,7,1,8
BRDA:87,8,0,9
BRDA:87,8,1,9
BRDA:92,9,0,7
BRDA:92,9,1,1
BRDA:105,10,0,4
BRDA:105,10,1,2
BRDA:105,11,0,6
BRDA:105,11,1,4
BRDA:113,12,0,2
BRDA:113,12,1,1
BRDA:121,13,0,137
BRDA:121,13,1,2
BRF:28
BRH:28
end_of_record
TN:
SF:src/Settings.js
FN:15,(anonymous_0)
FN:22,(anonymous_1)
FN:31,(anonymous_2)
FN:35,(anonymous_3)
FN:40,(anonymous_4)
FN:53,(anonymous_5)
FN:57,(anonymous_6)
FN:61,(anonymous_7)
FN:65,(anonymous_8)
FNF:9
FNH:9
FNDA:12,(anonymous_0)
FNDA:12,(anonymous_1)
FNDA:15,(anonymous_2)
FNDA:6,(anonymous_3)
FNDA:8,(anonymous_4)
FNDA:3,(anonymous_5)
FNDA:1,(anonymous_6)
FNDA:2,(anonymous_7)
FNDA:1,(anonymous_8)
DA:12,2
DA:16,12
DA:17,12
DA:18,12
DA:19,12
DA:23,12
DA:24,12
DA:25,12
DA:26,12
DA:27,12
DA:28,12
DA:32,15
DA:36,6
DA:37,6
DA:41,8
DA:42,8
DA:43,6
DA:44,6
DA:45,6
DA:46,6
DA:47,6
DA:48,3
DA:54,3
DA:58,1
DA:62,2
DA:66,1
DA:70,2
LF:27
LH:27
BRDA:42,0,0,6
BRDA:42,0,1,2
BRDA:47,1,0,3
BRDA:47,1,1,3
BRF:4
BRH:4
end_of_record
TN:
SF:src/helpers.js
FN:11,getOptionParser
FNF:1
FNH:1
FNDA:9,getOptionParser
DA:12,9
DA:13,2
DA:15,7
DA:16,2
DA:20,4
LF:5
LH:5
BRDA:12,0,0,2
BRDA:12,0,1,7
BRDA:15,1,0,2
BRDA:15,1,1,5
BRF:4
BRH:4
end_of_record
TN:
SF:src/scaffold.js
FN:16,scaffoldPath
FN:20,readScaffoldConfigFile
FN:21,(anonymous_2)
FN:22,(anonymous_3)
FN:32,writeConfigFile
FN:33,(anonymous_5)
FN:34,(anonymous_6)
FN:44,createConfigFile
FN:45,(anonymous_8)
FNF:9
FNH:9
FNDA:8,scaffoldPath
FNDA:8,readScaffoldConfigFile
FNDA:8,(anonymous_2)
FNDA:8,(anonymous_3)
FNDA:7,writeConfigFile
FNDA:7,(anonymous_5)
FNDA:7,(anonymous_6)
FNDA:8,createConfigFile
FNDA:7,(anonymous_8)
DA:11,4
DA:12,4
DA:14,4
DA:17,8
DA:21,8
DA:22,8
DA:23,8
DA:24,1
DA:26,7
DA:33,7
DA:34,7
DA:35,7
DA:36,1
DA:38,6
DA:45,8
DA:46,7
DA:50,4
LF:17
LH:17
BRDA:23,0,0,1
BRDA:23,0,1,7
BRDA:35,1,0,1
BRDA:35,1,1,6
BRF:4
BRH:4
end_of_record
